Sender: LSF System <lsfadmin@c03b18>
Subject: Job 9562403: <./JPLooper 257 667> Done

Job <./JPLooper 257 667> was submitted from host <ln0> by user <wangzhe10> in cluster <cluster1>.
Job was executed on host(s) <c03b18>, in queue <normal>, as user <wangzhe10> in cluster <cluster1>.
</tmp/.lsbtmp1670> was used as the home directory.
</home/wangzhe10/WORK/JinjingLi/work/Analysis/Coincidence/JPLoop> was used as the working directory.
Started at Thu May 17 18:26:23 2018
Results reported at Thu May 17 19:02:38 2018

Your job looked like:

------------------------------------------------------------
# LSBATCH: User input
./JPLooper 257 667
------------------------------------------------------------

Successfully completed.

Resource usage summary:

    CPU time   :   1896.66 sec.
    Max Memory :       484 MB
    Max Swap   :       800 MB

    Max Processes  :         3
    Max Threads    :         4

The output (if any) follows:

Read 540646928 entries.


PS:

Read file <old.err> for stderr output of this job.

